{
	"numTotalTestSuites": 2,
	"numPassedTestSuites": 0,
	"numFailedTestSuites": 2,
	"numPendingTestSuites": 0,
	"numTotalTests": 10,
	"numPassedTests": 8,
	"numFailedTests": 2,
	"numPendingTests": 0,
	"numTodoTests": 0,
	"snapshot": {
		"added": 0,
		"failure": false,
		"filesAdded": 0,
		"filesRemoved": 0,
		"filesRemovedList": [],
		"filesUnmatched": 0,
		"filesUpdated": 0,
		"matched": 0,
		"total": 0,
		"unchecked": 0,
		"uncheckedKeysByFile": [],
		"unmatched": 0,
		"updated": 0,
		"didUpdate": false
	},
	"startTime": 1753612910543,
	"success": false,
	"testResults": [
		{
			"assertionResults": [
				{
					"ancestorTitles": ["IncomeList"],
					"fullName": "IncomeList 収入データを正しく表示する",
					"status": "failed",
					"title": "収入データを正しく表示する",
					"duration": 48.22429100000005,
					"failureMessages": [
						"TestingLibraryElementError: Unable to find an element with the text: ¥300,000. This could be because the text is broken up by multiple elements. In this case, you can provide a function for your text matcher to make your matcher more flexible.\n\nIgnored nodes: comments, script, style\n\u001b[36m<body>\u001b[39m\n  \u001b[36m<div>\u001b[39m\n    \u001b[36m<div\u001b[39m\n      \u001b[33mclass\u001b[39m=\u001b[32m\"bg-white rounded-lg shadow \"\u001b[39m\n    \u001b[36m>\u001b[39m\n      \u001b[36m<div\u001b[39m\n        \u001b[33mclass\u001b[39m=\u001b[32m\"px-4 py-4 border-b border-gray-200\"\u001b[39m\n      \u001b[36m>\u001b[39m\n        \u001b[36m<div>\u001b[39m\n          \u001b[36m<h2\u001b[39m\n            \u001b[33mclass\u001b[39m=\u001b[32m\"text-lg font-semibold text-gray-900\"\u001b[39m\n          \u001b[36m>\u001b[39m\n            \u001b[0m収入一覧\u001b[0m\n          \u001b[36m</h2>\u001b[39m\n          \u001b[36m<p\u001b[39m\n            \u001b[33mclass\u001b[39m=\u001b[32m\"text-sm text-gray-600 mt-1\"\u001b[39m\n          \u001b[36m>\u001b[39m\n            \u001b[0m収入の履歴\u001b[0m\n          \u001b[36m</p>\u001b[39m\n        \u001b[36m</div>\u001b[39m\n      \u001b[36m</div>\u001b[39m\n      \u001b[36m<div\u001b[39m\n        \u001b[33mclass\u001b[39m=\u001b[32m\"overflow-x-auto\"\u001b[39m\n      \u001b[36m>\u001b[39m\n        \u001b[36m<table\u001b[39m\n          \u001b[33mclass\u001b[39m=\u001b[32m\"min-w-full divide-y divide-gray-200\"\u001b[39m\n        \u001b[36m>\u001b[39m\n          \u001b[36m<thead\u001b[39m\n            \u001b[33mclass\u001b[39m=\u001b[32m\"bg-gray-50\"\u001b[39m\n          \u001b[36m>\u001b[39m\n            \u001b[36m<tr>\u001b[39m\n              \u001b[36m<th\u001b[39m\n                \u001b[33mclass\u001b[39m=\u001b[32m\"px-2 sm:px-4 py-3 text-left text-xs font-medium text-gray-500 uppercase tracking-tighter sm:tracking-wider\"\u001b[39m\n                \u001b[33mscope\u001b[39m=\u001b[32m\"col\"\u001b[39m\n              \u001b[36m>\u001b[39m\n                \u001b[0m日付\u001b[0m\n              \u001b[36m</th>\u001b[39m\n              \u001b[36m<th\u001b[39m\n                \u001b[33mclass\u001b[39m=\u001b[32m\"px-2 sm:px-4 py-3 text-left text-xs font-medium text-gray-500 uppercase tracking-tighter sm:tracking-wider\"\u001b[39m\n                \u001b[33mscope\u001b[39m=\u001b[32m\"col\"\u001b[39m\n              \u001b[36m>\u001b[39m\n                \u001b[0m金額\u001b[0m\n              \u001b[36m</th>\u001b[39m\n              \u001b[36m<th\u001b[39m\n                \u001b[33mclass\u001b[39m=\u001b[32m\"px-2 sm:px-4 py-3 text-left text-xs font-medium text-gray-500 uppercase tracking-tighter sm:tracking-wider\"\u001b[39m\n                \u001b[33mscope\u001b[39m=\u001b[32m\"col\"\u001b[39m\n              \u001b[36m>\u001b[39m\n                \u001b[36m<span\u001b[39m\n                  \u001b[33mclass\u001b[39m=\u001b[32m\"sm:hidden\"\u001b[39m\n                \u001b[36m>\u001b[39m\n                  \u001b[0mカテ\u001b[0m\n                \u001b[36m</span>\u001b[39m\n                \u001b[36m<span\u001b[39m\n                  \u001b[33mclass\u001b[39m=\u001b[32m\"hidden sm:inline\"\u001b[39m\n                \u001b[36m>\u001b[39m\n                  \u001b[0mカテゴリ\u001b[0m\n                \u001b[36m</span>\u001b[39m\n              \u001b[36m</th>\u001b[39m\n              \u001b[36m<th\u001b[39m\n                \u001b[33mclass\u001b[39m=\u001b[32m\"px-2 sm:px-4 py-3 text-left text-xs font-medium text-gray-500 uppercase tracking-tighter sm:tracking-wider\"\u001b[39m\n                \u001b[33mscope\u001b[39m=\u001b[32m\"col\"\u001b[39m\n              \u001b[36m>\u001b[39m\n                \u001b[0m説明\u001b[0m\n              \u001b[36m</th>\u001b[39m\n              \u001b[36m<th\u001b[39m\n                \u001b[33mclass\u001b[39m=\u001b[32m\"px-2 sm:px-4 py-3 text-left text-xs font-medium text-gray-500 uppercase tracking-tighter sm:tracking-wider\"\u001b[39m\n                \u001b[33mscope\u001b[39m=\u001b[32m\"col\"\u001b[39m\n              \u001b[36m>\u001b[39m\n                \u001b[0m操作\u001b[0m\n              \u001b[36m</th>\u001b[39m\n            \u001b[36m</tr>\u001b[39m\n          \u001b[36m</thead>\u001b[39m\n          \u001b[36m<tbody\u001b[39m\n            \u001b[33mclass\u001b[39m=\u001b[32m\"bg-white divide-y divide-gray-200\"\u001b[39m\n          \u001b[36m>\u001b[39m\n            \u001b[36m<tr\u001b[39m\n              \u001b[33mclass\u001b[39m=\u001b[32m\"border-b border-gray-200 hover:bg-gray-50 transition-colors\"\u001b[39m\n            \u001b[36m>\u001b[39m\n              \u001b[36m<td\u001b[39m\n                \u001b[33mclass\u001b[39m=\u001b[32m\"px-2 sm:px-4 py-3 text-xs sm:text-sm text-gray-900\"\u001b[39m\n              \u001b[36m>\u001b[39m\n                \u001b[0m2024/12/25\u001b[0m\n              \u001b[36m</td>\u001b[39m\n              \u001b[36m<td\u001b[39m\n                \u001b[33mclass\u001b[39m=\u001b[32m\"px-2 sm:px-4 py-3 text-xs sm:text-sm font-medium text-green-600\"\u001b[39m\n              \u001b[36m>\u001b[39m\n                \u001b[0m￥300,000\u001b[0m\n              \u001b[36m</td>\u001b[39m\n              \u001b[36m<td\u001b[39m\n                \u001b[33mclass\u001b[39m=\u001b[32m\"px-2 sm:px-4 py-3 text-xs sm:text-sm text-gray-700 max-w-[80px] sm:max-w-none truncate\"\u001b[39m\n              \u001b[36m>\u001b[39m\n                \u001b[0m給与\u001b[0m\n              \u001b[36m</td>\u001b[39m\n              \u001b[36m<td\u001b[39m\n                \u001b[33mclass\u001b[39m=\u001b[32m\"px-2 sm:px-4 py-3 text-xs sm:text-sm text-gray-700 max-w-[120px] sm:max-w-none truncate\"\u001b[39m\n              \u001b[36m>\u001b[39m\n                \u001b[0m12月給与\u001b[0m\n              \u001b[36m</td>\u001b[39m\n              \u001b[36m<td\u001b[39m\n                \u001b[33mclass\u001b[39m=\u001b[32m\"px-2 sm:px-4 py-3 text-xs sm:text-sm text-gray-700\"\u001b[39m\n              \u001b[36m>\u001b[39m\n                \u001b[36m<div\u001b[39m\n                  \u001b[33mclass\u001b[39m=\u001b[32m\"flex flex-col gap-1\"\u001b[39m\n                \u001b[36m/>\u001b[39m\n              \u001b[36m</td>\u001b[39m\n            \u001b[36m</tr>\u001b[39m\n            \u001b[36m<tr\u001b[39m\n              \u001b[33mclass\u001b[39m=\u001b[32m\"border-b border-gray-200 hover:bg-gray-50 transition-colors\"\u001b[39m\n            \u001b[36m>\u001b[39m\n              \u001b[36m<td\u001b[39m\n                \u001b[33mclass\u001b[39m=\u001b[32m\"px-2 sm:px-4 py-3 text-xs sm:text-sm text-gray-900\"\u001b[39m\n              \u001b[36m>\u001b[39m\n                \u001b[0m2024/12/10\u001b[0m\n              \u001b[36m</td>\u001b[39m\n              \u001b[36m<td\u001b[39m\n                \u001b[33mclass\u001b[39m=\u001b[32m\"px-2 sm:px-4 py-3 text-xs sm:text-sm font-medium text-green-600\"\u001b[39m\n              \u001b[36m>\u001b[39m\n                \u001b[0m￥50,000\u001b[0m\n              \u001b[36m</td>\u001b[39m\n              \u001b[36m<td\u001b[39m\n                \u001b[33mclass\u001b[39m=\u001b[32m\"px-2 sm:px-4 py-3 text-xs sm:text-sm text-gray-700 max-w-[80px] sm:max-w-none truncate\"\u001b[39m\n              \u001b[36m>\u001b[39m\n                \u001b[0mボーナス\u001b[0m\n              \u001b[36m</td>\u001b[39m\n              \u001b[36m<td\u001b[39m\n                \u001b[33mclass\u001b[39m=\u001b[32m\"px-2 sm:px-4 py-3 text-xs sm:text-sm text-gray-700 max-w-[120px] sm:max-w-none truncate\"\u001b[39m\n              \u001b[36m>\u001b[39m\n                \u001b[0mボーナス支給\u001b[0m\n              \u001b[36m</td>\u001b[39m\n              \u001b[36m<td\u001b[39m\n                \u001b[33mclass\u001b[39m=\u001b[32m\"px-2 sm:px-4 py-3 text-xs sm:text-sm text-gray-700\"\u001b[39m\n              \u001b[36m>\u001b[39m\n                \u001b[36m<div\u001b[39m\n                  \u001b[33mclass\u001b[39m=\u001b[32m\"flex flex-col gap-1\"\u001b[39m\n                \u001b[36m/>\u001b[39m\n              \u001b[36m</td>\u001b[39m\n            \u001b[36m</tr>\u001b[39m\n            \u001b[36m<tr\u001b[39m\n              \u001b[33mclass\u001b[39m=\u001b[32m\"border-b border-gray-200 hover:bg-gray-50 transition-colors\"\u001b[39m\n            \u001b[36m>\u001b[39m\n              \u001b[36m<td\u001b[39m\n                \u001b[33mclass\u001b[39m=\u001b[32m\"px-2 sm:px-4 py-3 text-xs sm:text-sm text-gray-900\"\u001b[39m\n              \u001b[36m>\u001b[39m\n                \u001b[0m2024/12/01\u001b[0m\n              \u001b[36m</td>\u001b[39m\n              \u001b[36m<td\u001b[39m\n                \u001b[33mclass\u001b[39m=\u001b[32m\"px-2 sm:px-4 py-3 text-xs sm:text-sm font-medium text-green-600\"\u001b[39m\n              \u001b[36m>\u001b[39m\n                \u001b[0m￥10,000\u001b[0m\n              \u001b[36m</td>\u001b[39m\n              \u001b[36m<td\u001b[39m\n                \u001b[33mclass\u001b[39m=\u001b[32m\"px-2 sm:px-4 py-3 text-xs sm:text-sm text-gray-700 max-w-[80px] sm:max-w-none truncate\"\u001b[39m\n              \u001b[36m>\u001b[39m\n                \u001b[0m副業\u001b[0m\n              \u001b[36m</td>\u001b[39m\n              \u001b[36m<td\u001b[39m\n                \u001b[33mclass\u001b[39m=\u001b[32m\"px-2 sm:px-4 py-3 text-xs sm:text-sm text-gray-700 max-w-[120px] sm:max-w-none truncate\"\u001b[39m\n              \u001b[36m>\u001b[39m\n                \u001b[0m副業収入\u001b[0m\n              \u001b[36m</td>\u001b[39m\n              \u001b[36m<td\u001b[39m\n                \u001b[33mclass\u001b[39m=\u001b[32m\"px-2 sm:px-4 py-3 text-xs sm:text-sm text-gray-700\"\u001b[39m\n              \u001b[36m>\u001b[39m\n                \u001b[36m<div\u001b[39m\n                  \u001b[33mclass\u001b[39m=\u001b[32m\"flex flex-col gap-1\"\u001b[39m\n                \u001b[36m/>\u001b[39m\n              \u001b[36m</td>\u001b[39m\n            \u001b[36m</tr>\u001b[39m\n          \u001b[36m</tbody>\u001b[39m\n        \u001b[36m</table>\u001b[39m\n      \u001b[36m</div>\u001b[39m\n    \u001b[36m</div>\u001b[39m\n  \u001b[36m</div>\u001b[39m\n\u001b[36m</body>\u001b[39m\n    at Object.getElementError (/Users/r-horie/private/saifuu/saifuu-main/node_modules/@testing-library/dom/dist/config.js:37:19)\n    at /Users/r-horie/private/saifuu/saifuu-main/node_modules/@testing-library/dom/dist/query-helpers.js:76:38\n    at /Users/r-horie/private/saifuu/saifuu-main/node_modules/@testing-library/dom/dist/query-helpers.js:52:17\n    at /Users/r-horie/private/saifuu/saifuu-main/node_modules/@testing-library/dom/dist/query-helpers.js:95:19\n    at /Users/r-horie/private/saifuu/saifuu-main/frontend/src/components/income/__tests__/IncomeList.test.tsx:98:17\n    at file:///Users/r-horie/private/saifuu/saifuu-main/node_modules/@vitest/runner/dist/chunk-hooks.js:155:11\n    at file:///Users/r-horie/private/saifuu/saifuu-main/node_modules/@vitest/runner/dist/chunk-hooks.js:752:26\n    at file:///Users/r-horie/private/saifuu/saifuu-main/node_modules/@vitest/runner/dist/chunk-hooks.js:1897:20\n    at new Promise (<anonymous>)\n    at runWithTimeout (file:///Users/r-horie/private/saifuu/saifuu-main/node_modules/@vitest/runner/dist/chunk-hooks.js:1863:10)"
					],
					"meta": {}
				},
				{
					"ancestorTitles": ["IncomeList"],
					"fullName": "IncomeList 収入金額を緑色で表示する",
					"status": "failed",
					"title": "収入金額を緑色で表示する",
					"duration": 4.170166999999992,
					"failureMessages": [
						"TestingLibraryElementError: Unable to find an element with the text: /¥\\d{1,3}(,\\d{3})*/. This could be because the text is broken up by multiple elements. In this case, you can provide a function for your text matcher to make your matcher more flexible.\n\nIgnored nodes: comments, script, style\n\u001b[36m<body>\u001b[39m\n  \u001b[36m<div>\u001b[39m\n    \u001b[36m<div\u001b[39m\n      \u001b[33mclass\u001b[39m=\u001b[32m\"bg-white rounded-lg shadow \"\u001b[39m\n    \u001b[36m>\u001b[39m\n      \u001b[36m<div\u001b[39m\n        \u001b[33mclass\u001b[39m=\u001b[32m\"px-4 py-4 border-b border-gray-200\"\u001b[39m\n      \u001b[36m>\u001b[39m\n        \u001b[36m<div>\u001b[39m\n          \u001b[36m<h2\u001b[39m\n            \u001b[33mclass\u001b[39m=\u001b[32m\"text-lg font-semibold text-gray-900\"\u001b[39m\n          \u001b[36m>\u001b[39m\n            \u001b[0m収入一覧\u001b[0m\n          \u001b[36m</h2>\u001b[39m\n          \u001b[36m<p\u001b[39m\n            \u001b[33mclass\u001b[39m=\u001b[32m\"text-sm text-gray-600 mt-1\"\u001b[39m\n          \u001b[36m>\u001b[39m\n            \u001b[0m収入の履歴\u001b[0m\n          \u001b[36m</p>\u001b[39m\n        \u001b[36m</div>\u001b[39m\n      \u001b[36m</div>\u001b[39m\n      \u001b[36m<div\u001b[39m\n        \u001b[33mclass\u001b[39m=\u001b[32m\"overflow-x-auto\"\u001b[39m\n      \u001b[36m>\u001b[39m\n        \u001b[36m<table\u001b[39m\n          \u001b[33mclass\u001b[39m=\u001b[32m\"min-w-full divide-y divide-gray-200\"\u001b[39m\n        \u001b[36m>\u001b[39m\n          \u001b[36m<thead\u001b[39m\n            \u001b[33mclass\u001b[39m=\u001b[32m\"bg-gray-50\"\u001b[39m\n          \u001b[36m>\u001b[39m\n            \u001b[36m<tr>\u001b[39m\n              \u001b[36m<th\u001b[39m\n                \u001b[33mclass\u001b[39m=\u001b[32m\"px-2 sm:px-4 py-3 text-left text-xs font-medium text-gray-500 uppercase tracking-tighter sm:tracking-wider\"\u001b[39m\n                \u001b[33mscope\u001b[39m=\u001b[32m\"col\"\u001b[39m\n              \u001b[36m>\u001b[39m\n                \u001b[0m日付\u001b[0m\n              \u001b[36m</th>\u001b[39m\n              \u001b[36m<th\u001b[39m\n                \u001b[33mclass\u001b[39m=\u001b[32m\"px-2 sm:px-4 py-3 text-left text-xs font-medium text-gray-500 uppercase tracking-tighter sm:tracking-wider\"\u001b[39m\n                \u001b[33mscope\u001b[39m=\u001b[32m\"col\"\u001b[39m\n              \u001b[36m>\u001b[39m\n                \u001b[0m金額\u001b[0m\n              \u001b[36m</th>\u001b[39m\n              \u001b[36m<th\u001b[39m\n                \u001b[33mclass\u001b[39m=\u001b[32m\"px-2 sm:px-4 py-3 text-left text-xs font-medium text-gray-500 uppercase tracking-tighter sm:tracking-wider\"\u001b[39m\n                \u001b[33mscope\u001b[39m=\u001b[32m\"col\"\u001b[39m\n              \u001b[36m>\u001b[39m\n                \u001b[36m<span\u001b[39m\n                  \u001b[33mclass\u001b[39m=\u001b[32m\"sm:hidden\"\u001b[39m\n                \u001b[36m>\u001b[39m\n                  \u001b[0mカテ\u001b[0m\n                \u001b[36m</span>\u001b[39m\n                \u001b[36m<span\u001b[39m\n                  \u001b[33mclass\u001b[39m=\u001b[32m\"hidden sm:inline\"\u001b[39m\n                \u001b[36m>\u001b[39m\n                  \u001b[0mカテゴリ\u001b[0m\n                \u001b[36m</span>\u001b[39m\n              \u001b[36m</th>\u001b[39m\n              \u001b[36m<th\u001b[39m\n                \u001b[33mclass\u001b[39m=\u001b[32m\"px-2 sm:px-4 py-3 text-left text-xs font-medium text-gray-500 uppercase tracking-tighter sm:tracking-wider\"\u001b[39m\n                \u001b[33mscope\u001b[39m=\u001b[32m\"col\"\u001b[39m\n              \u001b[36m>\u001b[39m\n                \u001b[0m説明\u001b[0m\n              \u001b[36m</th>\u001b[39m\n              \u001b[36m<th\u001b[39m\n                \u001b[33mclass\u001b[39m=\u001b[32m\"px-2 sm:px-4 py-3 text-left text-xs font-medium text-gray-500 uppercase tracking-tighter sm:tracking-wider\"\u001b[39m\n                \u001b[33mscope\u001b[39m=\u001b[32m\"col\"\u001b[39m\n              \u001b[36m>\u001b[39m\n                \u001b[0m操作\u001b[0m\n              \u001b[36m</th>\u001b[39m\n            \u001b[36m</tr>\u001b[39m\n          \u001b[36m</thead>\u001b[39m\n          \u001b[36m<tbody\u001b[39m\n            \u001b[33mclass\u001b[39m=\u001b[32m\"bg-white divide-y divide-gray-200\"\u001b[39m\n          \u001b[36m>\u001b[39m\n            \u001b[36m<tr\u001b[39m\n              \u001b[33mclass\u001b[39m=\u001b[32m\"border-b border-gray-200 hover:bg-gray-50 transition-colors\"\u001b[39m\n            \u001b[36m>\u001b[39m\n              \u001b[36m<td\u001b[39m\n                \u001b[33mclass\u001b[39m=\u001b[32m\"px-2 sm:px-4 py-3 text-xs sm:text-sm text-gray-900\"\u001b[39m\n              \u001b[36m>\u001b[39m\n                \u001b[0m2024/12/25\u001b[0m\n              \u001b[36m</td>\u001b[39m\n              \u001b[36m<td\u001b[39m\n                \u001b[33mclass\u001b[39m=\u001b[32m\"px-2 sm:px-4 py-3 text-xs sm:text-sm font-medium text-green-600\"\u001b[39m\n              \u001b[36m>\u001b[39m\n                \u001b[0m￥300,000\u001b[0m\n              \u001b[36m</td>\u001b[39m\n              \u001b[36m<td\u001b[39m\n                \u001b[33mclass\u001b[39m=\u001b[32m\"px-2 sm:px-4 py-3 text-xs sm:text-sm text-gray-700 max-w-[80px] sm:max-w-none truncate\"\u001b[39m\n              \u001b[36m>\u001b[39m\n                \u001b[0m給与\u001b[0m\n              \u001b[36m</td>\u001b[39m\n              \u001b[36m<td\u001b[39m\n                \u001b[33mclass\u001b[39m=\u001b[32m\"px-2 sm:px-4 py-3 text-xs sm:text-sm text-gray-700 max-w-[120px] sm:max-w-none truncate\"\u001b[39m\n              \u001b[36m>\u001b[39m\n                \u001b[0m12月給与\u001b[0m\n              \u001b[36m</td>\u001b[39m\n              \u001b[36m<td\u001b[39m\n                \u001b[33mclass\u001b[39m=\u001b[32m\"px-2 sm:px-4 py-3 text-xs sm:text-sm text-gray-700\"\u001b[39m\n              \u001b[36m>\u001b[39m\n                \u001b[36m<div\u001b[39m\n                  \u001b[33mclass\u001b[39m=\u001b[32m\"flex flex-col gap-1\"\u001b[39m\n                \u001b[36m/>\u001b[39m\n              \u001b[36m</td>\u001b[39m\n            \u001b[36m</tr>\u001b[39m\n            \u001b[36m<tr\u001b[39m\n              \u001b[33mclass\u001b[39m=\u001b[32m\"border-b border-gray-200 hover:bg-gray-50 transition-colors\"\u001b[39m\n            \u001b[36m>\u001b[39m\n              \u001b[36m<td\u001b[39m\n                \u001b[33mclass\u001b[39m=\u001b[32m\"px-2 sm:px-4 py-3 text-xs sm:text-sm text-gray-900\"\u001b[39m\n              \u001b[36m>\u001b[39m\n                \u001b[0m2024/12/10\u001b[0m\n              \u001b[36m</td>\u001b[39m\n              \u001b[36m<td\u001b[39m\n                \u001b[33mclass\u001b[39m=\u001b[32m\"px-2 sm:px-4 py-3 text-xs sm:text-sm font-medium text-green-600\"\u001b[39m\n              \u001b[36m>\u001b[39m\n                \u001b[0m￥50,000\u001b[0m\n              \u001b[36m</td>\u001b[39m\n              \u001b[36m<td\u001b[39m\n                \u001b[33mclass\u001b[39m=\u001b[32m\"px-2 sm:px-4 py-3 text-xs sm:text-sm text-gray-700 max-w-[80px] sm:max-w-none truncate\"\u001b[39m\n              \u001b[36m>\u001b[39m\n                \u001b[0mボーナス\u001b[0m\n              \u001b[36m</td>\u001b[39m\n              \u001b[36m<td\u001b[39m\n                \u001b[33mclass\u001b[39m=\u001b[32m\"px-2 sm:px-4 py-3 text-xs sm:text-sm text-gray-700 max-w-[120px] sm:max-w-none truncate\"\u001b[39m\n              \u001b[36m>\u001b[39m\n                \u001b[0mボーナス支給\u001b[0m\n              \u001b[36m</td>\u001b[39m\n              \u001b[36m<td\u001b[39m\n                \u001b[33mclass\u001b[39m=\u001b[32m\"px-2 sm:px-4 py-3 text-xs sm:text-sm text-gray-700\"\u001b[39m\n              \u001b[36m>\u001b[39m\n                \u001b[36m<div\u001b[39m\n                  \u001b[33mclass\u001b[39m=\u001b[32m\"flex flex-col gap-1\"\u001b[39m\n                \u001b[36m/>\u001b[39m\n              \u001b[36m</td>\u001b[39m\n            \u001b[36m</tr>\u001b[39m\n            \u001b[36m<tr\u001b[39m\n              \u001b[33mclass\u001b[39m=\u001b[32m\"border-b border-gray-200 hover:bg-gray-50 transition-colors\"\u001b[39m\n            \u001b[36m>\u001b[39m\n              \u001b[36m<td\u001b[39m\n                \u001b[33mclass\u001b[39m=\u001b[32m\"px-2 sm:px-4 py-3 text-xs sm:text-sm text-gray-900\"\u001b[39m\n              \u001b[36m>\u001b[39m\n                \u001b[0m2024/12/01\u001b[0m\n              \u001b[36m</td>\u001b[39m\n              \u001b[36m<td\u001b[39m\n                \u001b[33mclass\u001b[39m=\u001b[32m\"px-2 sm:px-4 py-3 text-xs sm:text-sm font-medium text-green-600\"\u001b[39m\n              \u001b[36m>\u001b[39m\n                \u001b[0m￥10,000\u001b[0m\n              \u001b[36m</td>\u001b[39m\n              \u001b[36m<td\u001b[39m\n                \u001b[33mclass\u001b[39m=\u001b[32m\"px-2 sm:px-4 py-3 text-xs sm:text-sm text-gray-700 max-w-[80px] sm:max-w-none truncate\"\u001b[39m\n              \u001b[36m>\u001b[39m\n                \u001b[0m副業\u001b[0m\n              \u001b[36m</td>\u001b[39m\n              \u001b[36m<td\u001b[39m\n                \u001b[33mclass\u001b[39m=\u001b[32m\"px-2 sm:px-4 py-3 text-xs sm:text-sm text-gray-700 max-w-[120px] sm:max-w-none truncate\"\u001b[39m\n              \u001b[36m>\u001b[39m\n                \u001b[0m副業収入\u001b[0m\n              \u001b[36m</td>\u001b[39m\n              \u001b[36m<td\u001b[39m\n                \u001b[33mclass\u001b[39m=\u001b[32m\"px-2 sm:px-4 py-3 text-xs sm:text-sm text-gray-700\"\u001b[39m\n              \u001b[36m>\u001b[39m\n                \u001b[36m<div\u001b[39m\n                  \u001b[33mclass\u001b[39m=\u001b[32m\"flex flex-col gap-1\"\u001b[39m\n                \u001b[36m/>\u001b[39m\n              \u001b[36m</td>\u001b[39m\n            \u001b[36m</tr>\u001b[39m\n          \u001b[36m</tbody>\u001b[39m\n        \u001b[36m</table>\u001b[39m\n      \u001b[36m</div>\u001b[39m\n    \u001b[36m</div>\u001b[39m\n  \u001b[36m</div>\u001b[39m\n\u001b[36m</body>\u001b[39m\n    at Object.getElementError (/Users/r-horie/private/saifuu/saifuu-main/node_modules/@testing-library/dom/dist/config.js:37:19)\n    at /Users/r-horie/private/saifuu/saifuu-main/node_modules/@testing-library/dom/dist/query-helpers.js:76:38\n    at /Users/r-horie/private/saifuu/saifuu-main/node_modules/@testing-library/dom/dist/query-helpers.js:109:15\n    at /Users/r-horie/private/saifuu/saifuu-main/frontend/src/components/income/__tests__/IncomeList.test.tsx:119:33\n    at file:///Users/r-horie/private/saifuu/saifuu-main/node_modules/@vitest/runner/dist/chunk-hooks.js:155:11\n    at file:///Users/r-horie/private/saifuu/saifuu-main/node_modules/@vitest/runner/dist/chunk-hooks.js:752:26\n    at file:///Users/r-horie/private/saifuu/saifuu-main/node_modules/@vitest/runner/dist/chunk-hooks.js:1897:20\n    at new Promise (<anonymous>)\n    at runWithTimeout (file:///Users/r-horie/private/saifuu/saifuu-main/node_modules/@vitest/runner/dist/chunk-hooks.js:1863:10)\n    at runTest (file:///Users/r-horie/private/saifuu/saifuu-main/node_modules/@vitest/runner/dist/chunk-hooks.js:1574:12)"
					],
					"meta": {}
				},
				{
					"ancestorTitles": ["IncomeList"],
					"fullName": "IncomeList 空の状態を正しく表示する",
					"status": "passed",
					"title": "空の状態を正しく表示する",
					"duration": 2.262166000000036,
					"failureMessages": [],
					"meta": {}
				},
				{
					"ancestorTitles": ["IncomeList"],
					"fullName": "IncomeList ローディング状態を表示する",
					"status": "passed",
					"title": "ローディング状態を表示する",
					"duration": 1.3028750000000286,
					"failureMessages": [],
					"meta": {}
				},
				{
					"ancestorTitles": ["IncomeList"],
					"fullName": "IncomeList エラー状態を表示する",
					"status": "passed",
					"title": "エラー状態を表示する",
					"duration": 2.1325410000000034,
					"failureMessages": [],
					"meta": {}
				},
				{
					"ancestorTitles": ["IncomeList"],
					"fullName": "IncomeList 編集ボタンがクリックされたときにコールバックを呼ぶ",
					"status": "passed",
					"title": "編集ボタンがクリックされたときにコールバックを呼ぶ",
					"duration": 4.338999999999999,
					"failureMessages": [],
					"meta": {}
				},
				{
					"ancestorTitles": ["IncomeList"],
					"fullName": "IncomeList 削除ボタンがクリックされたときにコールバックを呼ぶ",
					"status": "passed",
					"title": "削除ボタンがクリックされたときにコールバックを呼ぶ",
					"duration": 2.1058330000000183,
					"failureMessages": [],
					"meta": {}
				},
				{
					"ancestorTitles": ["IncomeList"],
					"fullName": "IncomeList 編集・削除ボタンが表示されない場合",
					"status": "passed",
					"title": "編集・削除ボタンが表示されない場合",
					"duration": 1.8854590000000258,
					"failureMessages": [],
					"meta": {}
				},
				{
					"ancestorTitles": ["IncomeList"],
					"fullName": "IncomeList 説明がない収入データも正しく表示する",
					"status": "passed",
					"title": "説明がない収入データも正しく表示する",
					"duration": 3.0352080000000115,
					"failureMessages": [],
					"meta": {}
				},
				{
					"ancestorTitles": ["IncomeList"],
					"fullName": "IncomeList レスポンシブデザインが適用されている",
					"status": "passed",
					"title": "レスポンシブデザインが適用されている",
					"duration": 1.5862920000000145,
					"failureMessages": [],
					"meta": {}
				}
			],
			"startTime": 1753612910950,
			"endTime": 1753612911020.5862,
			"status": "failed",
			"message": "",
			"name": "/Users/r-horie/private/saifuu/saifuu-main/frontend/src/components/income/__tests__/IncomeList.test.tsx"
		}
	]
}
